{
  "RSpec": {
    "coverage": {
      "/Users/nirupamaram/turing/2module/monster_shop_final/spec/spec_helper.rb": [
        null,
        null,
        null,
        null,
        null,
        null,
        null,
        null,
        null,
        null,
        null,
        null,
        null,
        null,
        null,
        1,
        null,
        null,
        null,
        1,
        null,
        null,
        null,
        null,
        null,
        null,
        null,
        1,
        null,
        null,
        null,
        null,
        1,
        null,
        null,
        null,
        1,
        null,
        null,
        null,
        null,
        null,
        null,
        null,
        1,
        null,
        null,
        null,
        null,
        null,
        null,
        null,
        null,
        null,
        null,
        null,
        null,
        null,
        null,
        null,
        null,
        null,
        null,
        null,
        null,
        null,
        null,
        null,
        null,
        null,
        null,
        null,
        null,
        null,
        null,
        null,
        null,
        null,
        null,
        null,
        null,
        null,
        null,
        null,
        null,
        null,
        null,
        null,
        null,
        null,
        null,
        null,
        null,
        null,
        null,
        null
      ],
      "/Users/nirupamaram/turing/2module/monster_shop_final/config/environment.rb": [
        null,
        1,
        null,
        null,
        1
      ],
      "/Users/nirupamaram/turing/2module/monster_shop_final/config/application.rb": [
        1,
        null,
        1,
        null,
        1,
        1,
        1,
        1,
        1,
        1,
        1,
        1,
        null,
        null,
        null,
        null,
        1,
        null,
        1,
        1,
        null,
        1,
        null,
        null,
        null,
        null,
        null,
        null,
        1,
        null,
        null
      ],
      "/Users/nirupamaram/turing/2module/monster_shop_final/config/boot.rb": [
        1,
        null,
        1
      ],
      "/Users/nirupamaram/turing/2module/monster_shop_final/config/environments/test.rb": [
        1,
        null,
        null,
        null,
        null,
        null,
        null,
        1,
        null,
        null,
        null,
        null,
        1,
        null,
        null,
        1,
        1,
        null,
        null,
        null,
        null,
        1,
        1,
        null,
        null,
        1,
        null,
        null,
        1,
        1,
        null,
        null,
        null,
        null,
        1,
        null,
        null,
        1,
        null,
        null,
        null,
        null
      ],
      "/Users/nirupamaram/turing/2module/monster_shop_final/config/initializers/application_controller_renderer.rb": [
        null,
        null,
        null,
        null,
        null,
        null,
        null,
        null
      ],
      "/Users/nirupamaram/turing/2module/monster_shop_final/config/initializers/assets.rb": [
        null,
        null,
        null,
        1,
        null,
        null,
        null,
        null,
        1,
        null,
        null,
        null,
        null,
        null
      ],
      "/Users/nirupamaram/turing/2module/monster_shop_final/config/initializers/backtrace_silencers.rb": [
        null,
        null,
        null,
        null,
        null,
        null,
        null
      ],
      "/Users/nirupamaram/turing/2module/monster_shop_final/config/initializers/cookies_serializer.rb": [
        null,
        null,
        null,
        null,
        1
      ],
      "/Users/nirupamaram/turing/2module/monster_shop_final/config/initializers/filter_parameter_logging.rb": [
        null,
        null,
        null,
        1
      ],
      "/Users/nirupamaram/turing/2module/monster_shop_final/config/initializers/inflections.rb": [
        null,
        null,
        null,
        null,
        null,
        null,
        null,
        null,
        null,
        null,
        null,
        null,
        null,
        null,
        null,
        null
      ],
      "/Users/nirupamaram/turing/2module/monster_shop_final/config/initializers/mime_types.rb": [
        null,
        null,
        null,
        null
      ],
      "/Users/nirupamaram/turing/2module/monster_shop_final/config/initializers/wrap_parameters.rb": [
        null,
        null,
        null,
        null,
        null,
        null,
        1,
        2,
        null,
        null,
        null,
        null,
        null,
        null
      ],
      "/Users/nirupamaram/turing/2module/monster_shop_final/config/routes.rb": [
        1,
        null,
        1,
        null,
        1,
        1,
        null,
        null,
        1,
        1,
        null,
        null,
        1,
        null,
        1,
        1,
        1,
        1,
        1,
        null,
        1,
        1,
        1,
        1,
        1,
        1,
        1,
        1,
        1,
        1,
        null,
        1,
        1,
        1,
        null,
        1,
        1,
        1,
        1,
        1,
        1,
        1,
        1,
        null,
        null,
        1,
        1,
        1,
        1,
        1,
        null,
        null
      ],
      "/Users/nirupamaram/turing/2module/monster_shop_final/app/helpers/application_helper.rb": [
        1,
        null
      ],
      "/Users/nirupamaram/turing/2module/monster_shop_final/app/models/merchant.rb": [
        1,
        1,
        1,
        1,
        1,
        1,
        null,
        1,
        null,
        null,
        null,
        null,
        null,
        1,
        0,
        null,
        null,
        1,
        0,
        null,
        null,
        1,
        null,
        null,
        null,
        0,
        null,
        null,
        1,
        0,
        null,
        null,
        1,
        0,
        null,
        null,
        1,
        0,
        null,
        null
      ],
      "/Users/nirupamaram/turing/2module/monster_shop_final/app/models/application_record.rb": [
        1,
        1,
        null
      ],
      "/Users/nirupamaram/turing/2module/monster_shop_final/app/models/item.rb": [
        1,
        1,
        1,
        1,
        1,
        null,
        1,
        null,
        null,
        null,
        null,
        null,
        1,
        31,
        null,
        null,
        1,
        null,
        null,
        null,
        null,
        62,
        null,
        null,
        1,
        0,
        null,
        null,
        1,
        0,
        null,
        null,
        1,
        106,
        null,
        null
      ],
      "/Users/nirupamaram/turing/2module/monster_shop_final/app/controllers/items_controller.rb": [
        1,
        1,
        31,
        0,
        0,
        null,
        31,
        null,
        null,
        null,
        1,
        31,
        null,
        null
      ],
      "/Users/nirupamaram/turing/2module/monster_shop_final/app/controllers/application_controller.rb": [
        1,
        1,
        null,
        1,
        null,
        null,
        null,
        null,
        1,
        311,
        null,
        null,
        1,
        491,
        null,
        null,
        1,
        93,
        null,
        null,
        1,
        58,
        null,
        null,
        1,
        0,
        null,
        null,
        1,
        0,
        null,
        null,
        1,
        0,
        null,
        null,
        1,
        58,
        null,
        null,
        1,
        0,
        0,
        null,
        null,
        null
      ],
      "/Users/nirupamaram/turing/2module/monster_shop_final/app/models/review.rb": [
        1,
        1,
        null,
        1,
        1,
        null
      ],
      "/Users/nirupamaram/turing/2module/monster_shop_final/app/models/cart.rb": [
        1,
        1,
        null,
        1,
        118,
        118,
        null,
        null,
        1,
        31,
        null,
        null,
        1,
        5,
        null,
        null,
        1,
        81,
        null,
        null,
        1,
        35,
        44,
        null,
        null,
        null,
        1,
        16,
        16,
        22,
        null,
        16,
        null,
        null,
        1,
        94,
        null,
        null,
        1,
        44,
        44,
        36,
        null,
        8,
        null,
        null,
        null,
        1,
        53,
        null,
        null,
        1,
        8,
        8,
        8,
        8,
        8,
        8,
        8,
        8,
        8,
        8,
        null,
        null
      ],
      "/Users/nirupamaram/turing/2module/monster_shop_final/app/controllers/cart_controller.rb": [
        1,
        1,
        null,
        1,
        31,
        31,
        31,
        1,
        null,
        30,
        30,
        30,
        null,
        31,
        null,
        null,
        1,
        null,
        null,
        1,
        1,
        1,
        null,
        null,
        1,
        2,
        2,
        null,
        null,
        1,
        6,
        1,
        5,
        5,
        5,
        null,
        5,
        5,
        null,
        null
      ],
      "/Users/nirupamaram/turing/2module/monster_shop_final/app/models/order_item.rb": [
        1,
        1,
        1,
        null,
        1,
        0,
        null,
        null,
        1,
        0,
        0,
        null,
        null,
        1,
        0,
        null,
        null
      ],
      "/Users/nirupamaram/turing/2module/monster_shop_final/app/models/discount.rb": [
        1,
        1,
        1,
        1,
        1,
        1,
        1,
        null,
        1,
        null
      ]
    },
    "timestamp": 1596490015
  }
}
